#
# There is insufficient memory for the Java Runtime Environment to continue.
# Native memory allocation (malloc) failed to allocate 65011712 bytes for committing reserved memory.
# Possible reasons:
#   The system is out of physical RAM or swap space
#   In 32 bit mode, the process size limit was hit
# Possible solutions:
#   Reduce memory load on the system
#   Increase physical memory or swap space
#   Check if swap backing store is full
#   Use 64 bit Java on a 64 bit OS
#   Decrease Java heap size (-Xmx/-Xms)
#   Decrease number of Java threads
#   Decrease Java thread stack sizes (-Xss)
#   Set larger code cache with -XX:ReservedCodeCacheSize=
# This output file may be truncated or incomplete.
#
#  Out of Memory Error (os_linux.cpp:2726), pid=8701, tid=905968448
#
# JRE version: Java(TM) SE Runtime Environment (7.0_51-b13) (build 1.7.0_51-b13)
# Java VM: Java HotSpot(TM) Server VM (24.51-b03 mixed mode linux-x86 )
# Failed to write core dump. Core dumps have been disabled. To enable core dumping, try "ulimit -c unlimited" before starting Java again
#

---------------  T H R E A D  ---------------

Current thread (0x36080400):  VMThread [stack: 0x35f7f000,0x36000000] [id=8708]

Stack: [0x35f7f000,0x36000000],  sp=0x35ffea60,  free space=510k
Native frames: (J=compiled Java code, j=interpreted, Vv=VM code, C=native code)
V  [libjvm.so+0x7dcac6]  VMError::report_and_die()+0x1a6
V  [libjvm.so+0x33a5b2]  report_vm_out_of_memory(char const*, int, unsigned int, char const*)+0x72
V  [libjvm.so+0x67be21]  os::Linux::commit_memory_impl(char*, unsigned int, bool)+0xe1
V  [libjvm.so+0x67c277]  os::Linux::commit_memory_impl(char*, unsigned int, unsigned int, bool)+0x47
V  [libjvm.so+0x67c45d]  os::pd_commit_memory(char*, unsigned int, unsigned int, bool)+0x1d
V  [libjvm.so+0x675e8c]  os::commit_memory(char*, unsigned int, unsigned int, bool)+0x2c
V  [libjvm.so+0x6df398]  PSVirtualSpace::expand_by(unsigned int)+0x48
V  [libjvm.so+0x6e049a]  PSYoungGen::resize_generation(unsigned int, unsigned int)+0xda
V  [libjvm.so+0x6df7d9]  PSYoungGen::resize(unsigned int, unsigned int)+0x19
V  [libjvm.so+0x6dd53b]  PSScavenge::invoke_no_policy()+0x105b
V  [libjvm.so+0x6dd968]  PSScavenge::invoke()+0x28
V  [libjvm.so+0x69bbca]  ParallelScavengeHeap::failed_mem_allocate(unsigned int)+0x5a
V  [libjvm.so+0x7de36a]  VM_ParallelGCFailedAllocation::doit()+0x7a
V  [libjvm.so+0x7e7127]  VM_Operation::evaluate()+0x47
V  [libjvm.so+0x7e5223]  VMThread::evaluate_operation(VM_Operation*)+0xb3
V  [libjvm.so+0x7e55c0]  VMThread::loop()+0x1b0
V  [libjvm.so+0x7e5a25]  VMThread::run()+0x85
V  [libjvm.so+0x67e319]  java_start(Thread*)+0x119
C  [libpthread.so.0+0x6d4c]  start_thread+0xcc

VM_Operation (0x316f06a4): ParallelGCFailedAllocation, mode: safepoint, requested by thread 0x09ce9000


---------------  P R O C E S S  ---------------

Java Threads: ( => current thread )
  0x09ce9000 JavaThread "play-akka.actor.default-dispatcher-52" [_thread_blocked, id=9421, stack(0x315f1000,0x316f2000)]
  0x09ca8400 JavaThread "play-akka.actor.default-dispatcher-51" [_thread_blocked, id=9420, stack(0x312ee000,0x313ef000)]
  0x09ce5c00 JavaThread "play-akka.actor.default-dispatcher-50" [_thread_blocked, id=9419, stack(0x30feb000,0x310ec000)]
  0x09b28800 JavaThread "play-akka.actor.default-dispatcher-49" [_thread_blocked, id=9418, stack(0x314f0000,0x315f1000)]
  0x09ca5800 JavaThread "play-akka.actor.default-dispatcher-47" [_thread_blocked, id=9416, stack(0x313ef000,0x314f0000)]
  0x2eac8000 JavaThread "net.sf.ehcache.CacheManager@1863921" daemon [_thread_blocked, id=9398, stack(0x30de9000,0x30eea000)]
  0x2eabc800 JavaThread "EbeanCacheWarmer" daemon [_thread_blocked, id=9396, stack(0x31ffb000,0x320fc000)]
  0x2eabc000 JavaThread "BoneCP-pool-watch-thread" daemon [_thread_blocked, id=9395, stack(0x320fc000,0x321fd000)]
  0x327bc800 JavaThread "BoneCP-max-alive-scheduler" daemon [_thread_blocked, id=9394, stack(0x32df6000,0x32ef7000)]
  0x328a7400 JavaThread "BoneCP-keep-alive-scheduler" daemon [_thread_blocked, id=9393, stack(0x322fe000,0x323ff000)]
  0x32640400 JavaThread "com.google.common.base.internal.Finalizer" daemon [_thread_blocked, id=9392, stack(0x30eea000,0x30feb000)]
  0x32687800 JavaThread "com.google.common.base.internal.Finalizer" daemon [_thread_blocked, id=9352, stack(0x30ce8000,0x30de9000)]
  0x328a8400 JavaThread "com.google.common.base.internal.Finalizer" daemon [_thread_blocked, id=9291, stack(0x32ff8000,0x330f9000)]
  0x305fd400 JavaThread "com.google.common.base.internal.Finalizer" daemon [_thread_blocked, id=9251, stack(0x321fd000,0x322fe000)]
  0x309cdc00 JavaThread "com.google.common.base.internal.Finalizer" daemon [_thread_blocked, id=9215, stack(0x32cf5000,0x32df6000)]
  0x2fe5f400 JavaThread "Scala Presentation Compiler []" [_thread_blocked, id=9208, stack(0x311ed000,0x312ee000)]
  0x3ac1cc00 JavaThread "play-internal-execution-context-4" [_thread_blocked, id=8826, stack(0x310ec000,0x311ed000)]
  0x34e93800 JavaThread "play-internal-execution-context-3" [_thread_blocked, id=8820, stack(0x316f2000,0x317f3000)]
  0x34391400 JavaThread "play-internal-execution-context-2" [_thread_blocked, id=8819, stack(0x317f3000,0x318f4000)]
  0x3438fc00 JavaThread "Timer-0" [_thread_blocked, id=8818, stack(0x318f4000,0x319f5000)]
  0x351c9400 JavaThread "iteratee-execution-context-4" [_thread_blocked, id=8817, stack(0x319f5000,0x31af6000)]
  0x3ac17000 JavaThread "iteratee-execution-context-3" [_thread_blocked, id=8816, stack(0x31af6000,0x31bf7000)]
  0x34389800 JavaThread "iteratee-execution-context-2" [_thread_blocked, id=8815, stack(0x31bf7000,0x31cf8000)]
  0x34388400 JavaThread "iteratee-execution-context-1" [_thread_blocked, id=8814, stack(0x31cf8000,0x31df9000)]
  0x34351c00 JavaThread "play-scheduler-1" [_thread_blocked, id=8813, stack(0x31df9000,0x31efa000)]
  0x32569400 JavaThread "Ebean-default.0" daemon [_thread_blocked, id=8805, stack(0x323ff000,0x32500000)]
  0x32566800 JavaThread "EbeanBackgroundThread" daemon [_thread_blocked, id=8804, stack(0x330f9000,0x331fa000)]
  0x3286a400 JavaThread "com.google.common.base.internal.Finalizer" daemon [_thread_blocked, id=8797, stack(0x32ef7000,0x32ff8000)]
  0x3a786000 JavaThread "play-internal-execution-context-1" [_thread_blocked, id=8783, stack(0x331fa000,0x332fb000)]
  0x338a4000 JavaThread "New I/O server boss #9" [_thread_in_native, id=8756, stack(0x332fb000,0x333fc000)]
  0x33892400 JavaThread "New I/O worker #8" [_thread_blocked, id=8755, stack(0x333fc000,0x334fd000)]
  0x33874400 JavaThread "New I/O worker #7" [_thread_blocked, id=8754, stack(0x334fd000,0x335fe000)]
  0x33aa2800 JavaThread "New I/O worker #6" [_thread_blocked, id=8753, stack(0x335fe000,0x336ff000)]
  0x33aa4400 JavaThread "New I/O worker #5" [_thread_blocked, id=8752, stack(0x336ff000,0x33800000)]
  0x33aa4000 JavaThread "New I/O worker #4" [_thread_blocked, id=8751, stack(0x344fc000,0x345fd000)]
  0x33a9c000 JavaThread "New I/O worker #3" [_thread_in_native, id=8750, stack(0x341ff000,0x34300000)]
  0x33a9bc00 JavaThread "New I/O worker #2" [_thread_in_native, id=8749, stack(0x346fe000,0x347ff000)]
  0x33aa6c00 JavaThread "New I/O worker #1" [_thread_blocked, id=8748, stack(0x345fd000,0x346fe000)]
  0x33e15000 JavaThread "INotify thread" daemon [_thread_in_native, id=8747, stack(0x347ff000,0x34900000)]
  0x36099800 JavaThread "Service Thread" daemon [_thread_blocked, id=8714, stack(0x3557c000,0x3567d000)]
  0x36097c00 JavaThread "C2 CompilerThread1" daemon [_thread_blocked, id=8713, stack(0x3567d000,0x356fe000)]
  0x36095c00 JavaThread "C2 CompilerThread0" daemon [_thread_blocked, id=8712, stack(0x35c7e000,0x35cff000)]
  0x36094000 JavaThread "Signal Dispatcher" daemon [_thread_blocked, id=8711, stack(0x356fe000,0x357ff000)]
  0x36084800 JavaThread "Finalizer" daemon [_thread_blocked, id=8710, stack(0x359ff000,0x35b00000)]
  0x36082000 JavaThread "Reference Handler" daemon [_thread_blocked, id=8709, stack(0x35cff000,0x35e00000)]
  0xb6607800 JavaThread "main" [_thread_in_native, id=8703, stack(0xb67a6000,0xb68a7000)]

Other Threads:
=>0x36080400 VMThread [stack: 0x35f7f000,0x36000000] [id=8708]
  0x3609b800 WatcherThread [stack: 0x354fb000,0x3557c000] [id=8715]

VM state:at safepoint (normal execution)

VM Mutex/Monitor currently owned by a thread:  ([mutex/lock_event])
[0xb6605078] Threads_lock - owner thread: 0x36080400
[0xb6605488] Heap_lock - owner thread: 0x09ce9000

Heap
 PSYoungGen      total 235008K, used 3641K [0x93500000, 0xa68c0000, 0xb3500000)
  eden space 154880K, 0% used [0x93500000,0x93500000,0x9cc40000)
  from space 80128K, 4% used [0x9cc40000,0x9cfce668,0xa1a80000)
  to   space 78848K, 0% used [0xa1bc0000,0xa1bc0000,0xa68c0000)
 ParOldGen       total 349696K, used 268431K [0x53500000, 0x68a80000, 0x93500000)
  object space 349696K, 76% used [0x53500000,0x63b23e70,0x68a80000)
 PSPermGen       total 70656K, used 70514K [0x3b500000, 0x3fa00000, 0x53500000)
  object space 70656K, 99% used [0x3b500000,0x3f9dcbf0,0x3fa00000)

Card table byte_map: [0x3b13f000,0x3b500000] byte_map_base: 0x3af64800

Polling page: 0xb77bb000

Code Cache  [0xb35c6000, 0xb3ae6000, 0xb65c6000)
 total_blobs=3291 nmethods=3095 adapters=146 free_code_cache=43977Kb largest_free_block=44989632

Compilation events (10 events):
Event: 1353.931 Thread 0x36097c00 3416             java.util.regex.Pattern$BranchConn::match (11 bytes)
Event: 1353.936 Thread 0x36097c00 nmethod 3416 0xb3aca448 code [0xb3aca580, 0xb3aca7dc]
Event: 1364.447 Thread 0x36095c00 3417             com.jolbox.bonecp.ConnectionPartition::getFreeConnections (5 bytes)
Event: 1364.448 Thread 0x36095c00 nmethod 3417 0xb3aca2c8 code [0xb3aca3a0, 0xb3aca3f0]
Event: 1365.679 Thread 0x36097c00 3418             java.lang.ThreadLocal$ThreadLocalMap::access$100 (7 bytes)
Event: 1365.698 Thread 0x36095c00 3419             scala.collection.AbstractSeq::size (5 bytes)
Event: 1365.699 Thread 0x36095c00 nmethod 3419 0xb3acde48 code [0xb3acdf40, 0xb3acdf90]
Event: 1365.820 Thread 0x36097c00 nmethod 3418 0xb3ad9148 code [0xb3ad9280, 0xb3ad95c4]
Event: 1367.061 Thread 0x36095c00 3420             com.mysql.jdbc.ConnectionImpl::getExceptionInterceptor (5 bytes)
Event: 1367.061 Thread 0x36095c00 nmethod 3420 0xb3ad9c08 code [0xb3ad9ce0, 0xb3ad9d30]

GC Heap History (10 events):
Event: 1093.196 GC heap after
Heap after GC invocations=12 (full 0):
 PSYoungGen      total 181760K, used 18641K [0x93500000, 0xa7140000, 0xb3500000)
  eden space 94976K, 0% used [0x93500000,0x93500000,0x991c0000)
  from space 86784K, 21% used [0x9e600000,0x9f834770,0xa3ac0000)
  to   space 86272K, 0% used [0x991c0000,0x991c0000,0x9e600000)
 ParOldGen       total 349696K, used 154812K [0x53500000, 0x68a80000, 0x93500000)
  object space 349696K, 44% used [0x53500000,0x5cc2f2e0,0x68a80000)
 PSPermGen       total 69376K, used 69142K [0x3b500000, 0x3f8c0000, 0x53500000)
  object space 69376K, 99% used [0x3b500000,0x3f885ae0,0x3f8c0000)
}
Event: 1189.918 GC heap before
{Heap before GC invocations=13 (full 0):
 PSYoungGen      total 181760K, used 113617K [0x93500000, 0xa7140000, 0xb3500000)
  eden space 94976K, 100% used [0x93500000,0x991c0000,0x991c0000)
  from space 86784K, 21% used [0x9e600000,0x9f834770,0xa3ac0000)
  to   space 86272K, 0% used [0x991c0000,0x991c0000,0x9e600000)
 ParOldGen       total 349696K, used 154812K [0x53500000, 0x68a80000, 0x93500000)
  object space 349696K, 44% used [0x53500000,0x5cc2f2e0,0x68a80000)
 PSPermGen       total 69376K, used 69351K [0x3b500000, 0x3f8c0000, 0x53500000)
  object space 69376K, 99% used [0x3b500000,0x3f8b9f58,0x3f8c0000)
Event: 1189.955 GC heap after
Heap after GC invocations=13 (full 0):
 PSYoungGen      total 113920K, used 20554K [0x93500000, 0xa3580000, 0xb3500000)
  eden space 93184K, 0% used [0x93500000,0x93500000,0x99000000)
  from space 20736K, 99% used [0x991c0000,0x9a5d2bc8,0x9a600000)
  to   space 84736K, 0% used [0x9e2c0000,0x9e2c0000,0xa3580000)
 ParOldGen       total 349696K, used 170649K [0x53500000, 0x68a80000, 0x93500000)
  object space 349696K, 48% used [0x53500000,0x5dba6570,0x68a80000)
 PSPermGen       total 69376K, used 69351K [0x3b500000, 0x3f8c0000, 0x53500000)
  object space 69376K, 99% used [0x3b500000,0x3f8b9f58,0x3f8c0000)
}
Event: 1191.175 GC heap before
{Heap before GC invocations=14 (full 0):
 PSYoungGen      total 113920K, used 113738K [0x93500000, 0xa3580000, 0xb3500000)
  eden space 93184K, 100% used [0x93500000,0x99000000,0x99000000)
  from space 20736K, 99% used [0x991c0000,0x9a5d2bc8,0x9a600000)
  to   space 84736K, 0% used [0x9e2c0000,0x9e2c0000,0xa3580000)
 ParOldGen       total 349696K, used 170649K [0x53500000, 0x68a80000, 0x93500000)
  object space 349696K, 48% used [0x53500000,0x5dba6570,0x68a80000)
 PSPermGen       total 69632K, used 69564K [0x3b500000, 0x3f900000, 0x53500000)
  object space 69632K, 99% used [0x3b500000,0x3f8ef2b8,0x3f900000)
Event: 1191.224 GC heap after
Heap after GC invocations=14 (full 0):
 PSYoungGen      total 181504K, used 30918K [0x93500000, 0xa6540000, 0xb3500000)
  eden space 96768K, 0% used [0x93500000,0x93500000,0x99380000)
  from space 84736K, 36% used [0x9e2c0000,0xa00f19e8,0xa3580000)
  to   space 81152K, 0% used [0x99380000,0x99380000,0x9e2c0000)
 ParOldGen       total 349696K, used 190132K [0x53500000, 0x68a80000, 0x93500000)
  object space 349696K, 54% used [0x53500000,0x5eead1b8,0x68a80000)
 PSPermGen       total 69632K, used 69564K [0x3b500000, 0x3f900000, 0x53500000)
  object space 69632K, 99% used [0x3b500000,0x3f8ef2b8,0x3f900000)
}
Event: 1282.274 GC heap before
{Heap before GC invocations=15 (full 0):
 PSYoungGen      total 181504K, used 127686K [0x93500000, 0xa6540000, 0xb3500000)
  eden space 96768K, 100% used [0x93500000,0x99380000,0x99380000)
  from space 84736K, 36% used [0x9e2c0000,0xa00f19e8,0xa3580000)
  to   space 81152K, 0% used [0x99380000,0x99380000,0x9e2c0000)
 ParOldGen       total 349696K, used 190132K [0x53500000, 0x68a80000, 0x93500000)
  object space 349696K, 54% used [0x53500000,0x5eead1b8,0x68a80000)
 PSPermGen       total 70144K, used 69984K [0x3b500000, 0x3f980000, 0x53500000)
  object space 70144K, 99% used [0x3b500000,0x3f9581d0,0x3f980000)
Event: 1282.313 GC heap after
Heap after GC invocations=15 (full 0):
 PSYoungGen      total 177920K, used 8872K [0x93500000, 0xa6b40000, 0xb3500000)
  eden space 96768K, 0% used [0x93500000,0x93500000,0x99380000)
  from space 81152K, 10% used [0x99380000,0x99c2a1e0,0x9e2c0000)
  to   space 81408K, 0% used [0xa1bc0000,0xa1bc0000,0xa6b40000)
 ParOldGen       total 349696K, used 218642K [0x53500000, 0x68a80000, 0x93500000)
  object space 349696K, 62% used [0x53500000,0x60a84a70,0x68a80000)
 PSPermGen       total 70144K, used 69984K [0x3b500000, 0x3f980000, 0x53500000)
  object space 70144K, 99% used [0x3b500000,0x3f9581d0,0x3f980000)
}
Event: 1283.277 GC heap before
{Heap before GC invocations=16 (full 0):
 PSYoungGen      total 177920K, used 105640K [0x93500000, 0xa6b40000, 0xb3500000)
  eden space 96768K, 100% used [0x93500000,0x99380000,0x99380000)
  from space 81152K, 10% used [0x99380000,0x99c2a1e0,0x9e2c0000)
  to   space 81408K, 0% used [0xa1bc0000,0xa1bc0000,0xa6b40000)
 ParOldGen       total 349696K, used 218642K [0x53500000, 0x68a80000, 0x93500000)
  object space 349696K, 62% used [0x53500000,0x60a84a70,0x68a80000)
 PSPermGen       total 70400K, used 70173K [0x3b500000, 0x3f9c0000, 0x53500000)
  object space 70400K, 99% used [0x3b500000,0x3f9876a8,0x3f9c0000)
Event: 1283.329 GC heap after
Heap after GC invocations=16 (full 0):
 PSYoungGen      total 233728K, used 43162K [0x93500000, 0xa68c0000, 0xb3500000)
  eden space 154880K, 0% used [0x93500000,0x93500000,0x9cc40000)
  from space 78848K, 54% used [0xa1bc0000,0xa45e68a8,0xa68c0000)
  to   space 80128K, 0% used [0x9cc40000,0x9cc40000,0xa1a80000)
 ParOldGen       total 349696K, used 226816K [0x53500000, 0x68a80000, 0x93500000)
  object space 349696K, 64% used [0x53500000,0x612802c0,0x68a80000)
 PSPermGen       total 70400K, used 70173K [0x3b500000, 0x3f9c0000, 0x53500000)
  object space 70400K, 99% used [0x3b500000,0x3f9876a8,0x3f9c0000)
}
Event: 1367.183 GC heap before
{Heap before GC invocations=17 (full 0):
 PSYoungGen      total 233728K, used 198042K [0x93500000, 0xa68c0000, 0xb3500000)
  eden space 154880K, 100% used [0x93500000,0x9cc40000,0x9cc40000)
  from space 78848K, 54% used [0xa1bc0000,0xa45e68a8,0xa68c0000)
  to   space 80128K, 0% used [0x9cc40000,0x9cc40000,0xa1a80000)
 ParOldGen       total 349696K, used 226816K [0x53500000, 0x68a80000, 0x93500000)
  object space 349696K, 64% used [0x53500000,0x612802c0,0x68a80000)
 PSPermGen       total 70656K, used 70514K [0x3b500000, 0x3fa00000, 0x53500000)
  object space 70656K, 99% used [0x3b500000,0x3f9dcbf0,0x3fa00000)

Deoptimization events (10 events):
Event: 1190.279 Thread 0x327c2000 Uncommon trap: reason=bimorphic action=maybe_recompile pc=0xb38cc328 method=scala.reflect.internal.Names$class.enterChars(Lscala/reflect/internal/Names;[CII)V @ 45
Event: 1190.830 Thread 0x327c2000 Uncommon trap: reason=null_check action=make_not_entrant pc=0xb3952314 method=scala.collection.mutable.HashMap.$plus$eq(Lscala/Tuple2;)Lscala/collection/mutable/HashMap; @ 14
Event: 1190.908 Thread 0x327c2000 Uncommon trap: reason=array_check action=maybe_recompile pc=0xb3a97f7c method=java.util.Arrays.fill([Ljava/lang/Object;Ljava/lang/Object;)V @ 13
Event: 1190.908 Thread 0x327c2000 Uncommon trap: reason=array_check action=maybe_recompile pc=0xb3a97f7c method=java.util.Arrays.fill([Ljava/lang/Object;Ljava/lang/Object;)V @ 13
Event: 1190.908 Thread 0x327c2000 Uncommon trap: reason=array_check action=maybe_recompile pc=0xb3a97f7c method=java.util.Arrays.fill([Ljava/lang/Object;Ljava/lang/Object;)V @ 13
Event: 1190.908 Thread 0x327c2000 Uncommon trap: reason=array_check action=maybe_recompile pc=0xb3a97f7c method=java.util.Arrays.fill([Ljava/lang/Object;Ljava/lang/Object;)V @ 13
Event: 1282.196 Thread 0x32634800 Uncommon trap: reason=array_check action=maybe_recompile pc=0xb37da3ac method=scala.collection.mutable.ArrayBuilder$ofRef.$plus$eq(Ljava/lang/Object;)Lscala/collection/mutable/ArrayBuilder$ofRef; @ 19
Event: 1282.196 Thread 0x32634800 Uncommon trap: reason=array_check action=maybe_recompile pc=0xb37da3ac method=scala.collection.mutable.ArrayBuilder$ofRef.$plus$eq(Ljava/lang/Object;)Lscala/collection/mutable/ArrayBuilder$ofRef; @ 19
Event: 1282.196 Thread 0x32634800 Uncommon trap: reason=array_check action=maybe_recompile pc=0xb37da3ac method=scala.collection.mutable.ArrayBuilder$ofRef.$plus$eq(Ljava/lang/Object;)Lscala/collection/mutable/ArrayBuilder$ofRef; @ 19
Event: 1282.201 Thread 0x32634800 Uncommon trap: reason=array_check action=maybe_recompile pc=0xb37da3ac method=scala.collection.mutable.ArrayBuilder$ofRef.$plus$eq(Ljava/lang/Object;)Lscala/collection/mutable/ArrayBuilder$ofRef; @ 19

Internal exceptions (10 events):
Event: 1302.347 Thread 0x09b28800 Threw 0x984a45a8 at /HUDSON/workspace/7u-2-build-linux-i586/jdk7u51/527/hotspot/src/share/vm/prims/jvm.cpp:1244
Event: 1302.347 Thread 0x09b28800 Threw 0x984a7e10 at /HUDSON/workspace/7u-2-build-linux-i586/jdk7u51/527/hotspot/src/share/vm/prims/jvm.cpp:1244
Event: 1302.359 Thread 0x09b28800 Threw 0x984ab170 at /HUDSON/workspace/7u-2-build-linux-i586/jdk7u51/527/hotspot/src/share/vm/prims/jvm.cpp:1244
Event: 1302.359 Thread 0x09b28800 Threw 0x984ae9d8 at /HUDSON/workspace/7u-2-build-linux-i586/jdk7u51/527/hotspot/src/share/vm/prims/jvm.cpp:1244
Event: 1302.361 Thread 0x09b28800 Threw 0x984b2d38 at /HUDSON/workspace/7u-2-build-linux-i586/jdk7u51/527/hotspot/src/share/vm/prims/jvm.cpp:1244
Event: 1302.361 Thread 0x09b28800 Threw 0x984b7c60 at /HUDSON/workspace/7u-2-build-linux-i586/jdk7u51/527/hotspot/src/share/vm/prims/jvm.cpp:1244
Event: 1302.364 Thread 0x09b28800 Threw 0x984bf4d0 at /HUDSON/workspace/7u-2-build-linux-i586/jdk7u51/527/hotspot/src/share/vm/prims/jvm.cpp:1244
Event: 1302.364 Thread 0x09b28800 Threw 0x984c6070 at /HUDSON/workspace/7u-2-build-linux-i586/jdk7u51/527/hotspot/src/share/vm/prims/jvm.cpp:1244
Event: 1302.443 Thread 0x09b28800 Threw 0x98964118 at /HUDSON/workspace/7u-2-build-linux-i586/jdk7u51/527/hotspot/src/share/vm/prims/jvm.cpp:1244
Event: 1302.443 Thread 0x09b28800 Threw 0x98969040 at /HUDSON/workspace/7u-2-build-linux-i586/jdk7u51/527/hotspot/src/share/vm/prims/jvm.cpp:1244

Events (10 events):
Event: 1365.682 Executing VM operation: RevokeBias done
Event: 1365.701 Executing VM operation: RevokeBias
Event: 1365.701 Executing VM operation: RevokeBias done
Event: 1365.703 Executing VM operation: RevokeBias
Event: 1365.703 Executing VM operation: RevokeBias done
Event: 1365.717 Executing VM operation: RevokeBias
Event: 1365.717 Executing VM operation: RevokeBias done
Event: 1365.718 Executing VM operation: RevokeBias
Event: 1365.718 Executing VM operation: RevokeBias done
Event: 1367.183 Executing VM operation: ParallelGCFailedAllocation


Dynamic libraries:
08048000-08049000 r-xp 00000000 08:05 396846     /usr/lib/jvm/java-7-oracle/jre/bin/java
08049000-0804a000 rw-p 00000000 08:05 396846     /usr/lib/jvm/java-7-oracle/jre/bin/java
09893000-09d64000 rw-p 00000000 00:00 0          [heap]
2e5fd000-2e600000 ---p 00000000 00:00 0 
2e600000-2e6fe000 rw-p 00000000 00:00 0 
2e6fe000-2e701000 ---p 00000000 00:00 0 
2e701000-2e7ff000 rw-p 00000000 00:00 0 
2e7ff000-2e802000 ---p 00000000 00:00 0 
2e802000-2e900000 rw-p 00000000 00:00 0 
2e900000-2eacf000 rw-p 00000000 00:00 0 
2eacf000-2eb00000 ---p 00000000 00:00 0 
2eb00000-2ebbf000 rw-p 00000000 00:00 0 
2ebbf000-2ec00000 ---p 00000000 00:00 0 
2ed00000-2ee00000 rw-p 00000000 00:00 0 
2ee00000-2eef9000 rw-p 00000000 00:00 0 
2eef9000-2ef00000 ---p 00000000 00:00 0 
2f000000-2f0fd000 rw-p 00000000 00:00 0 
2f0fd000-2f100000 ---p 00000000 00:00 0 
2f200000-2f2f0000 rw-p 00000000 00:00 0 
2f2f0000-2f300000 ---p 00000000 00:00 0 
2f300000-2f400000 rw-p 00000000 00:00 0 
2f400000-2f4ed000 rw-p 00000000 00:00 0 
2f4ed000-2f500000 ---p 00000000 00:00 0 
2f600000-2f6fb000 rw-p 00000000 00:00 0 
2f6fb000-2f700000 ---p 00000000 00:00 0 
2f800000-2f900000 rw-p 00000000 00:00 0 
2fa00000-2faf1000 rw-p 00000000 00:00 0 
2faf1000-2fb00000 ---p 00000000 00:00 0 
2fb00000-2fbfb000 rw-p 00000000 00:00 0 
2fbfb000-2fc00000 ---p 00000000 00:00 0 
2fc00000-2fdf9000 rw-p 00000000 00:00 0 
2fdf9000-2fe00000 ---p 00000000 00:00 0 
2fe00000-2fed2000 rw-p 00000000 00:00 0 
2fed2000-2ff00000 ---p 00000000 00:00 0 
2fff7000-2fff8000 r--s 00003000 08:05 406009     /usr/lib/jvm/java-7-oracle/jre/lib/ext/sunec.jar
2fff8000-2fffc000 r--s 000f7000 08:05 406008     /usr/lib/jvm/java-7-oracle/jre/lib/ext/localedata.jar
2fffc000-30000000 r--s 0002d000 08:05 406007     /usr/lib/jvm/java-7-oracle/jre/lib/ext/sunjce_provider.jar
30000000-300f8000 rw-p 00000000 00:00 0 
300f8000-30100000 ---p 00000000 00:00 0 
30100000-301ff000 rw-p 00000000 00:00 0 
301ff000-30200000 ---p 00000000 00:00 0 
30200000-303e1000 rw-p 00000000 00:00 0 
303e1000-30400000 ---p 00000000 00:00 0 
30400000-304d8000 rw-p 00000000 00:00 0 
304d8000-30500000 ---p 00000000 00:00 0 
30500000-305fe000 rw-p 00000000 00:00 0 
305fe000-30600000 ---p 00000000 00:00 0 
30600000-306fe000 rw-p 00000000 00:00 0 
306fe000-30700000 ---p 00000000 00:00 0 
30700000-307d3000 rw-p 00000000 00:00 0 
307d3000-30800000 ---p 00000000 00:00 0 
30800000-308f8000 rw-p 00000000 00:00 0 
308f8000-30900000 ---p 00000000 00:00 0 
30900000-309f1000 rw-p 00000000 00:00 0 
309f1000-30a00000 ---p 00000000 00:00 0 
30a00000-30afc000 rw-p 00000000 00:00 0 
30afc000-30b00000 ---p 00000000 00:00 0 
30be7000-30bea000 ---p 00000000 00:00 0 
30bea000-30ce8000 rw-p 00000000 00:00 0 
30ce8000-30ceb000 ---p 00000000 00:00 0 
30ceb000-30de9000 rw-p 00000000 00:00 0          [stack:9352]
30de9000-30dec000 ---p 00000000 00:00 0 
30dec000-30eea000 rw-p 00000000 00:00 0          [stack:9398]
30eea000-30eed000 ---p 00000000 00:00 0 
30eed000-30feb000 rw-p 00000000 00:00 0          [stack:9392]
30feb000-30fee000 ---p 00000000 00:00 0 
30fee000-310ec000 rw-p 00000000 00:00 0          [stack:9419]
310ec000-310ef000 ---p 00000000 00:00 0 
310ef000-311ed000 rw-p 00000000 00:00 0          [stack:8826]
311ed000-311f0000 ---p 00000000 00:00 0 
311f0000-312ee000 rw-p 00000000 00:00 0          [stack:9208]
312ee000-312f1000 ---p 00000000 00:00 0 
312f1000-313ef000 rw-p 00000000 00:00 0          [stack:9420]
313ef000-313f2000 ---p 00000000 00:00 0 
313f2000-314f0000 rw-p 00000000 00:00 0          [stack:9416]
314f0000-314f3000 ---p 00000000 00:00 0 
314f3000-315f1000 rw-p 00000000 00:00 0          [stack:9418]
315f1000-315f4000 ---p 00000000 00:00 0 
315f4000-316f2000 rw-p 00000000 00:00 0          [stack:9421]
316f2000-316f5000 ---p 00000000 00:00 0 
316f5000-317f3000 rw-p 00000000 00:00 0          [stack:8820]
317f3000-317f6000 ---p 00000000 00:00 0 
317f6000-318f4000 rw-p 00000000 00:00 0          [stack:8819]
318f4000-318f7000 ---p 00000000 00:00 0 
318f7000-319f5000 rw-p 00000000 00:00 0          [stack:8818]
319f5000-319f8000 ---p 00000000 00:00 0 
319f8000-31af6000 rw-p 00000000 00:00 0          [stack:8817]
31af6000-31af9000 ---p 00000000 00:00 0 
31af9000-31bf7000 rw-p 00000000 00:00 0          [stack:8816]
31bf7000-31bfa000 ---p 00000000 00:00 0 
31bfa000-31cf8000 rw-p 00000000 00:00 0          [stack:8815]
31cf8000-31cfb000 ---p 00000000 00:00 0 
31cfb000-31df9000 rw-p 00000000 00:00 0          [stack:8814]
31df9000-31dfc000 ---p 00000000 00:00 0 
31dfc000-31efa000 rw-p 00000000 00:00 0          [stack:8813]
31efa000-31efd000 ---p 00000000 00:00 0 
31efd000-31ffb000 rw-p 00000000 00:00 0 
31ffb000-31ffe000 ---p 00000000 00:00 0 
31ffe000-320fc000 rw-p 00000000 00:00 0          [stack:9396]
320fc000-320ff000 ---p 00000000 00:00 0 
320ff000-321fd000 rw-p 00000000 00:00 0          [stack:9395]
321fd000-32200000 ---p 00000000 00:00 0 
32200000-322fe000 rw-p 00000000 00:00 0          [stack:9251]
322fe000-32301000 ---p 00000000 00:00 0 
32301000-323ff000 rw-p 00000000 00:00 0          [stack:9393]
323ff000-32402000 ---p 00000000 00:00 0 
32402000-32500000 rw-p 00000000 00:00 0          [stack:8805]
32500000-325fd000 rw-p 00000000 00:00 0 
325fd000-32600000 ---p 00000000 00:00 0 
32600000-32700000 rw-p 00000000 00:00 0 
32700000-327fc000 rw-p 00000000 00:00 0 
327fc000-32800000 ---p 00000000 00:00 0 
32800000-328fc000 rw-p 00000000 00:00 0 
328fc000-32900000 ---p 00000000 00:00 0 
32900000-329db000 rw-p 00000000 00:00 0 
329db000-32a00000 ---p 00000000 00:00 0 
32b00000-32be3000 rw-p 00000000 00:00 0 
32be3000-32c00000 ---p 00000000 00:00 0 
32cf5000-32cf8000 ---p 00000000 00:00 0 
32cf8000-32df6000 rw-p 00000000 00:00 0          [stack:9215]
32df6000-32df9000 ---p 00000000 00:00 0 
32df9000-32ef7000 rw-p 00000000 00:00 0          [stack:9394]
32ef7000-32efa000 ---p 00000000 00:00 0 
32efa000-32ff8000 rw-p 00000000 00:00 0          [stack:8797]
32ff8000-32ffb000 ---p 00000000 00:00 0 
32ffb000-330f9000 rw-p 00000000 00:00 0          [stack:9291]
330f9000-330fc000 ---p 00000000 00:00 0 
330fc000-331fa000 rw-p 00000000 00:00 0          [stack:8804]
331fa000-331fd000 ---p 00000000 00:00 0 
331fd000-332fb000 rw-p 00000000 00:00 0          [stack:8783]
332fb000-332fe000 ---p 00000000 00:00 0 
332fe000-333fc000 rw-p 00000000 00:00 0          [stack:8756]
333fc000-333ff000 ---p 00000000 00:00 0 
333ff000-334fd000 rw-p 00000000 00:00 0          [stack:8755]
334fd000-33500000 ---p 00000000 00:00 0 
33500000-335fe000 rw-p 00000000 00:00 0          [stack:8754]
335fe000-33601000 ---p 00000000 00:00 0 
33601000-336ff000 rw-p 00000000 00:00 0          [stack:8753]
336ff000-33702000 ---p 00000000 00:00 0 
33702000-33800000 rw-p 00000000 00:00 0          [stack:8752]
33800000-33900000 rw-p 00000000 00:00 0 
33900000-339fe000 rw-p 00000000 00:00 0 
339fe000-33a00000 ---p 00000000 00:00 0 
33a00000-33af1000 rw-p 00000000 00:00 0 
33af1000-33b00000 ---p 00000000 00:00 0 
33bbb000-33bc2000 r--s 000ba000 08:05 4326177    /home/giftology-user1/playframework/play-2.1.3/repository/cache/mysql/mysql-connector-java/jars/mysql-connector-java-5.1.18.jar
33bc2000-33bc7000 r--s 00015000 08:05 5117072    /home/giftology-user1/playframework/play-2.1.3/repository/local/org.hibernate.javax.persistence/hibernate-jpa-2.0-api/1.0.1.Final/jars/hibernate-jpa-2.0-api.jar
33bc7000-33bc9000 r--s 00002000 08:05 5118094    /home/giftology-user1/playframework/play-2.1.3/repository/local/play/play-java-ebean_2.10/2.1.3/jars/play-java-ebean_2.10.jar
33bc9000-33bce000 r--s 0002d000 08:05 5118364    /home/giftology-user1/playframework/play-2.1.3/repository/local/tyrex/tyrex/1.0.1/jars/tyrex.jar
33bce000-33bd0000 r--s 0001b000 08:05 5116006    /home/giftology-user1/playframework/play-2.1.3/repository/local/com.jolbox/bonecp/0.7.1.RELEASE/bundles/bonecp.jar
33bd0000-33bd6000 r--s 0002e000 08:05 5118178    /home/giftology-user1/playframework/play-2.1.3/repository/local/play/play-jdbc_2.10/2.1.3/jars/play-jdbc_2.10.jar
33bd6000-33bd7000 r--s 00000000 08:05 5118115    /home/giftology-user1/playframework/play-2.1.3/repository/local/play/play-java-jdbc_2.10/2.1.3/jars/play-java-jdbc_2.10.jar
33bd7000-33bda000 r--s 00012000 08:05 5116344    /home/giftology-user1/playframework/play-2.1.3/repository/local/javax.servlet/javax.servlet-api/3.0.1/jars/javax.servlet-api.jar
33bda000-33bdc000 r--s 00006000 08:05 5115912    /home/giftology-user1/playframework/play-2.1.3/repository/local/com.google.code.findbugs/jsr305/2.0.1/jars/jsr305.jar
33bdc000-33c00000 r--s 001aa000 08:05 5115941    /home/giftology-user1/playframework/play-2.1.3/repository/local/com.google.guava/guava/13.0.1/jars/guava.jar
33c00000-33d00000 rw-p 00000000 00:00 0 
33d00000-33d03000 r--s 00017000 08:05 5117177    /home/giftology-user1/playframework/play-2.1.3/repository/local/org.reflections/reflections/0.9.8/jars/reflections.jar
33d03000-33d0f000 r--s 00085000 08:05 5117897    /home/giftology-user1/playframework/play-2.1.3/repository/local/org.springframework/spring-beans/3.1.2.RELEASE/jars/spring-beans.jar
33d0f000-33d19000 r--s 00064000 08:05 5117917    /home/giftology-user1/playframework/play-2.1.3/repository/local/org.springframework/spring-core/3.1.2.RELEASE/jars/spring-core.jar
33d19000-33d2e000 r--s 000b7000 08:05 5117907    /home/giftology-user1/playframework/play-2.1.3/repository/local/org.springframework/spring-context/3.1.2.RELEASE/jars/spring-context.jar
33d2e000-33d30000 r--s 0000d000 08:05 5117101    /home/giftology-user1/playframework/play-2.1.3/repository/local/org.jboss.logging/jboss-logging/3.1.0.CR2/jars/jboss-logging.jar
33d30000-33d33000 r--s 00009000 08:05 5116366    /home/giftology-user1/playframework/play-2.1.3/repository/local/javax.validation/validation-api/1.0.0.GA/jars/validation-api.jar
33d33000-33d3f000 r--s 00069000 08:05 5117055    /home/giftology-user1/playframework/play-2.1.3/repository/local/org.hibernate/hibernate-validator/4.3.0.Final/jars/hibernate-validator.jar
33d3f000-33d46000 r--s 0003b000 08:05 5117952    /home/giftology-user1/playframework/play-2.1.3/repository/local/org.yaml/snakeyaml/1.10/bundles/snakeyaml.jar
33d46000-33d49000 r--s 00015000 08:05 5118157    /home/giftology-user1/playframework/play-2.1.3/repository/local/play/play-java_2.10/2.1.3/jars/play-java_2.10.jar
33d49000-33d7c000 r--s 002ce000 08:05 5117251    /home/giftology-user1/playframework/play-2.1.3/repository/local/org.scala-lang/scala-reflect/2.10.0/jars/scala-reflect.jar
33d7c000-33d7d000 r--s 00003000 08:05 5116355    /home/giftology-user1/playframework/play-2.1.3/repository/local/javax.transaction/jta/1.1/jars/jta.jar
33d7d000-33d98000 r--s 0012b000 08:05 5116540    /home/giftology-user1/playframework/play-2.1.3/repository/local/net.sf.ehcache/ehcache-core/2.6.0/jars/ehcache-core.jar
33d98000-33da7000 r--s 000b0000 08:05 5116945    /home/giftology-user1/playframework/play-2.1.3/repository/local/org.codehaus.jackson/jackson-mapper-asl/1.9.10/jars/jackson-mapper-asl.jar
33da7000-33dab000 r--s 00035000 08:05 5116935    /home/giftology-user1/playframework/play-2.1.3/repository/local/org.codehaus.jackson/jackson-core-asl/1.9.10/jars/jackson-core-asl.jar
33dab000-33db3000 r--s 00040000 08:05 5116712    /home/giftology-user1/playframework/play-2.1.3/repository/local/org.apache.httpcomponents/httpclient/4.0.1/jars/httpclient.jar
33db3000-33db8000 r--s 00026000 08:05 5116758    /home/giftology-user1/playframework/play-2.1.3/repository/local/org.apache.httpcomponents/httpcore/4.0.1/jars/httpcore.jar
33db8000-33db9000 r--s 00001000 08:05 5116606    /home/giftology-user1/playframework/play-2.1.3/repository/local/oauth.signpost/signpost-commonshttp4/1.2.1.2/jars/signpost-commonshttp4.jar
33db9000-33dbb000 r--s 0000a000 08:05 5116240    /home/giftology-user1/playframework/play-2.1.3/repository/local/commons-codec/commons-codec/1.3/jars/commons-codec.jar
33dbb000-33dbe000 r--s 00009000 08:05 5116616    /home/giftology-user1/playframework/play-2.1.3/repository/local/oauth.signpost/signpost-core/1.2.1.2/jars/signpost-core.jar
33dbe000-33dc7000 r--s 0006c000 08:05 5116048    /home/giftology-user1/playframework/play-2.1.3/repository/local/com.ning/async-http-client/1.7.6/jars/async-http-client.jar
33dc7000-33dcd000 r--s 00048000 08:05 5116670    /home/giftology-user1/playframework/play-2.1.3/repository/local/org.apache.commons/commons-lang3/3.1/jars/commons-lang3.jar
33dcd000-33dcf000 r--s 00008000 08:05 5117112    /home/giftology-user1/playframework/play-2.1.3/repository/local/org.joda/joda-convert/1.2/jars/joda-convert.jar
33dcf000-33ddf000 r--s 0007c000 08:05 5116397    /home/giftology-user1/playframework/play-2.1.3/repository/local/joda-time/joda-time/2.1/jars/joda-time.jar
33ddf000-33de1000 r--s 00005000 08:05 5117792    /home/giftology-user1/playframework/play-2.1.3/repository/local/org.slf4j/slf4j-api/1.7.2/jars/slf4j-api.jar
33de1000-33de3000 r--s 00002000 08:05 5116129    /home/giftology-user1/playframework/play-2.1.3/repository/local/com.typesafe.akka/akka-slf4j_2.10/2.1.0/bundles/akka-slf4j_2.10.jar
33de3000-33e00000 r--s 001b2000 08:05 5116119    /home/giftology-user1/playframework/play-2.1.3/repository/local/com.typesafe.akka/akka-actor_2.10/2.1.0/bundles/akka-actor_2.10.jar
33e00000-33efe000 rw-p 00000000 00:00 0 
33efe000-33f00000 ---p 00000000 00:00 0 
33fd9000-33fe0000 r--s 000ba000 08:05 4326177    /home/giftology-user1/playframework/play-2.1.3/repository/cache/mysql/mysql-connector-java/jars/mysql-connector-java-5.1.18.jar
33fe0000-33ff8000 r--s 0010e000 08:05 5116329    /home/giftology-user1/playframework/play-2.1.3/repository/local/io.netty/netty/3.6.3.Final/bundles/netty.jar
33ff8000-34000000 r--s 0008d000 08:05 5117586    /home/giftology-user1/playframework/play-2.1.3/repository/local/org.scala-stm/scala-stm_2.10.0/0.6/jars/scala-stm_2.10.0.jar
34000000-340fc000 rw-p 00000000 00:00 0 
340fc000-34100000 ---p 00000000 00:00 0 
34103000-34112000 r--s 0008e000 08:05 5118073    /home/giftology-user1/playframework/play-2.1.3/repository/local/play/play-iteratees_2.10/2.1.3/jars/play-iteratees_2.10.jar
34112000-34115000 r--s 00010000 08:05 5116037    /home/giftology-user1/playframework/play-2.1.3/repository/local/com.jsuereth/scala-arm_2.10/1.3/jars/scala-arm_2.10.jar
34115000-3412a000 r--s 00128000 08:05 5115842    /home/giftology-user1/playframework/play-2.1.3/repository/local/com.github.scala-incubator.io/scala-io-core_2.10/0.4.2/jars/scala-io-core_2.10.jar
3412a000-34132000 r--s 00063000 08:05 5115872    /home/giftology-user1/playframework/play-2.1.3/repository/local/com.github.scala-incubator.io/scala-io-file_2.10/0.4.2/jars/scala-io-file_2.10.jar
34132000-34134000 r--s 00008000 08:05 5118331    /home/giftology-user1/playframework/play-2.1.3/repository/local/play/templates_2.10/2.1.3/jars/templates_2.10.jar
34134000-3418e000 r--s 00422000 08:05 5118220    /home/giftology-user1/playframework/play-2.1.3/repository/local/play/play_2.10/2.1.3/jars/play_2.10.jar
3418e000-341ff000 r--s 00658000 08:05 4474451    /home/giftology-user1/playframework/play-2.1.3/framework/sbt/boot/scala-2.10.0/lib/scala-library.jar
341ff000-34202000 ---p 00000000 00:00 0 
34202000-34300000 rw-p 00000000 00:00 0          [stack:8750]
34300000-343ff000 rw-p 00000000 00:00 0 
343ff000-34400000 ---p 00000000 00:00 0 
34405000-34409000 r--s 0002a000 08:05 5118745    /home/giftology-user1/playframework/play-2.1.3/framework/sbt/boot/scala-2.9.2/org.scala-sbt/sbt/0.12.2/compiler-interface-bin_2.10.0/compiler-interface-bin-0.12.2.jar
34409000-344fc000 r--s 00c8c000 08:05 4474452    /home/giftology-user1/playframework/play-2.1.3/framework/sbt/boot/scala-2.10.0/lib/scala-compiler.jar
344fc000-344ff000 ---p 00000000 00:00 0 
344ff000-345fd000 rw-p 00000000 00:00 0          [stack:8751]
345fd000-34600000 ---p 00000000 00:00 0 
34600000-346fe000 rw-p 00000000 00:00 0          [stack:8748]
346fe000-34701000 ---p 00000000 00:00 0 
34701000-347ff000 rw-p 00000000 00:00 0          [stack:8749]
347ff000-34802000 ---p 00000000 00:00 0 
34802000-34900000 rw-p 00000000 00:00 0          [stack:8747]
34900000-34af9000 rw-p 00000000 00:00 0 
34af9000-34b00000 ---p 00000000 00:00 0 
34b00000-34bfa000 rw-p 00000000 00:00 0 
34bfa000-34c00000 ---p 00000000 00:00 0 
34c00000-34d00000 rw-p 00000000 00:00 0 
34d00000-34dfd000 rw-p 00000000 00:00 0 
34dfd000-34e00000 ---p 00000000 00:00 0 
34e00000-34eff000 rw-p 00000000 00:00 0 
34eff000-34f00000 ---p 00000000 00:00 0 
34f00000-34fff000 rw-p 00000000 00:00 0 
34fff000-35000000 ---p 00000000 00:00 0 
35000000-350e4000 rw-p 00000000 00:00 0 
350e4000-35100000 ---p 00000000 00:00 0 
35100000-35200000 rw-p 00000000 00:00 0 
35202000-35205000 r--s 00018000 08:05 4474449    /home/giftology-user1/playframework/play-2.1.3/framework/sbt/boot/scala-2.10.0/lib/jansi.jar
35205000-35208000 r--s 00037000 08:05 406006     /usr/lib/jvm/java-7-oracle/jre/lib/ext/sunpkcs11.jar
35208000-35209000 r--s 00010000 08:05 406004     /usr/lib/jvm/java-7-oracle/jre/lib/ext/zipfs.jar
35209000-3520b000 r--s 00001000 08:05 406003     /usr/lib/jvm/java-7-oracle/jre/lib/ext/dnsns.jar
3520b000-35211000 r--s 0007d000 08:05 404760     /usr/lib/jvm/java-7-oracle/jre/lib/jfr.jar
35211000-3521c000 r--s 0037c000 08:05 397098     /usr/lib/jvm/java-7-oracle/jre/lib/charsets.jar
3521c000-35282000 r--s 003df000 08:05 5117630    /home/giftology-user1/playframework/play-2.1.3/repository/local/org.scalaz/scalaz-core_2.9.2/6.0.4/jars/scalaz-core_2.9.2.jar
35282000-35300000 r--s 007f5000 08:05 5118592    /home/giftology-user1/playframework/play-2.1.3/framework/sbt/boot/scala-2.9.2/lib/scala-library.jar
35300000-35400000 rw-p 00000000 00:00 0 
35401000-35434000 r--s 002ce000 08:05 4474450    /home/giftology-user1/playframework/play-2.1.3/framework/sbt/boot/scala-2.10.0/lib/scala-reflect.jar
35434000-354fb000 r--s 00a25000 08:05 5118591    /home/giftology-user1/playframework/play-2.1.3/framework/sbt/boot/scala-2.9.2/lib/scala-compiler.jar
354fb000-354fc000 ---p 00000000 00:00 0 
354fc000-3557c000 rw-p 00000000 00:00 0          [stack:8715]
3557c000-3557f000 ---p 00000000 00:00 0 
3557f000-3567d000 rw-p 00000000 00:00 0          [stack:8714]
3567d000-35680000 ---p 00000000 00:00 0 
35680000-356fe000 rw-p 00000000 00:00 0          [stack:8713]
356fe000-35701000 ---p 00000000 00:00 0 
35701000-357ff000 rw-p 00000000 00:00 0          [stack:8711]
357ff000-359ff000 r--p 00000000 08:05 399619     /usr/lib/locale/locale-archive
359ff000-35a02000 ---p 00000000 00:00 0 
35a02000-35b00000 rw-p 00000000 00:00 0          [stack:8710]
35b00000-35bfa000 rw-p 00000000 00:00 0 
35bfa000-35c00000 ---p 00000000 00:00 0 
35c00000-35c02000 r--s 00019000 08:05 397941     /usr/lib/jvm/java-7-oracle/jre/lib/jce.jar
35c02000-35c0c000 r--s 00250000 08:05 397127     /usr/lib/jvm/java-7-oracle/jre/lib/resources.jar
35c0c000-35c12000 r--s 00038000 08:05 5115791    /home/giftology-user1/playframework/play-2.1.3/repository/local/ch.qos.logback/logback-classic/1.0.7/jars/logback-classic.jar
35c12000-35c1a000 r--s 00051000 08:05 5115801    /home/giftology-user1/playframework/play-2.1.3/repository/local/ch.qos.logback/logback-core/1.0.7/jars/logback-core.jar
35c1a000-35c1c000 r--s 00003000 08:05 5117758    /home/giftology-user1/playframework/play-2.1.3/repository/local/org.slf4j/jcl-over-slf4j/1.6.6/jars/jcl-over-slf4j.jar
35c1c000-35c1e000 r-xp 00000000 08:05 3030502    /home/giftology-user1/polltoad/target/native_libraries/32bits/libjnotify.so
35c1e000-35c1f000 rw-p 00001000 08:05 3030502    /home/giftology-user1/polltoad/target/native_libraries/32bits/libjnotify.so
35c1f000-35c23000 r--s 00025000 08:05 4474448    /home/giftology-user1/playframework/play-2.1.3/framework/sbt/boot/scala-2.10.0/lib/jline.jar
35c23000-35c26000 r--s 00024000 08:05 5116291    /home/giftology-user1/playframework/play-2.1.3/repository/local/commons-io/commons-io/2.0.1/jars/commons-io.jar
35c26000-35c2e000 r--s 00046000 08:05 5118866    /home/giftology-user1/playframework/play-2.1.3/repository/cache/scala_2.9.2/sbt_0.12/com.typesafe.sbtidea/sbt-idea/jars/sbt-idea-1.1.1.jar
35c2e000-35c34000 r--s 00039000 08:05 5118868    /home/giftology-user1/playframework/play-2.1.3/repository/cache/scala_2.9.2/sbt_0.12/com.typesafe.sbteclipse/sbteclipse-core/jars/sbteclipse-core-2.1.1.jar
35c34000-35c35000 r--s 00001000 08:05 5118864    /home/giftology-user1/playframework/play-2.1.3/repository/cache/scala_2.9.2/sbt_0.12/com.typesafe.sbteclipse/sbteclipse-plugin/jars/sbteclipse-plugin-2.1.1.jar
35c35000-35c38000 r--s 0009f000 08:05 5116440    /home/giftology-user1/playframework/play-2.1.3/repository/local/net.contentobjects.jnotify/jnotify/0.94/jars/jnotify.jar
35c38000-35c39000 r--s 00004000 08:05 5001374    /home/giftology-user1/playframework/play-2.1.3/repository/local/asm/asm-analysis/3.3.1/jars/asm-analysis.jar
35c39000-35c3b000 r--s 00004000 08:05 5115761    /home/giftology-user1/playframework/play-2.1.3/repository/local/asm/asm-tree/3.3.1/jars/asm-tree.jar
35c3b000-35c3d000 r--s 00008000 08:05 5115780    /home/giftology-user1/playframework/play-2.1.3/repository/local/asm/asm-util/3.3.1/jars/asm-util.jar
35c3d000-35c47000 r--s 0012f000 08:05 5115979    /home/giftology-user1/playframework/play-2.1.3/repository/local/com.h2database/h2/1.3.168/jars/h2.jar
35c47000-35c60000 r--s 0014c000 08:05 5116862    /home/giftology-user1/playframework/play-2.1.3/repository/local/org.avaje.ebeanorm/avaje-ebeanorm-server/3.1.2/jars/avaje-ebeanorm-server.jar
35c60000-35c7e000 r--s 00151000 08:05 5115923    /home/giftology-user1/playframework/play-2.1.3/repository/local/com.google.guava/guava/10.0.1/jars/guava.jar
35c7e000-35c81000 ---p 00000000 00:00 0 
35c81000-35cff000 rw-p 00000000 00:00 0          [stack:8712]
35cff000-35d02000 ---p 00000000 00:00 0 
35d02000-35e00000 rw-p 00000000 00:00 0          [stack:8709]
35e00000-35efb000 rw-p 00000000 00:00 0 
35efb000-35f00000 ---p 00000000 00:00 0 
35f00000-35f01000 r--s 00001000 08:05 5117768    /home/giftology-user1/playframework/play-2.1.3/repository/local/org.slf4j/jul-to-slf4j/1.6.6/jars/jul-to-slf4j.jar
35f01000-35f06000 r--s 0002f000 08:05 5117145    /home/giftology-user1/playframework/play-2.1.3/repository/local/org.parboiled/parboiled-core/1.0.2/jars/parboiled-core.jar
35f06000-35f09000 r--s 0002a000 08:05 5116842    /home/giftology-user1/playframework/play-2.1.3/repository/local/org.avaje.ebeanorm/avaje-ebeanorm-agent/3.2.2/jars/avaje-ebeanorm-agent.jar
35f09000-35f11000 r--s 0003f000 08:05 5116852    /home/giftology-user1/playframework/play-2.1.3/repository/local/org.avaje.ebeanorm/avaje-ebeanorm-api/3.1.1/jars/avaje-ebeanorm-api.jar
35f11000-35f42000 r--s 0030d000 08:05 5115968    /home/giftology-user1/playframework/play-2.1.3/repository/local/com.google.javascript/closure-compiler/rr2079.1/jars/closure-compiler.jar
35f42000-35f4b000 r--s 000cc000 08:05 5118353    /home/giftology-user1/playframework/play-2.1.3/repository/local/rhino/js/1.7R2/jars/js.jar
35f4b000-35f4f000 r--s 0002a000 08:05 5116066    /home/giftology-user1/playframework/play-2.1.3/repository/local/com.typesafe/config/1.0.0/bundles/config.jar
35f4f000-35f65000 r--s 00132000 08:05 5115852    /home/giftology-user1/playframework/play-2.1.3/repository/local/com.github.scala-incubator.io/scala-io-core_2.9.1/0.4.0-seq/jars/scala-io-core_2.9.1.jar
35f65000-35f7f000 r--s 0015d000 08:05 5116983    /home/giftology-user1/playframework/play-2.1.3/repository/local/org.eclipse.jgit/org.eclipse.jgit/1.3.0.201202151440-r/jars/org.eclipse.jgit.jar
35f7f000-35f80000 ---p 00000000 00:00 0 
35f80000-36000000 rw-p 00000000 00:00 0          [stack:8708]
36000000-36100000 rw-p 00000000 00:00 0 
36100000-36101000 r--s 0000a000 08:05 4731232    /home/giftology-user1/playframework/play-2.1.3/repository/local/asm/asm/3.3.1/jars/asm.jar
36101000-36103000 r--s 00013000 08:05 5117155    /home/giftology-user1/playframework/play-2.1.3/repository/local/org.parboiled/parboiled-java/1.0.2/jars/parboiled-java.jar
36103000-3610a000 r--s 00058000 08:05 5115882    /home/giftology-user1/playframework/play-2.1.3/repository/local/com.github.scala-incubator.io/scala-io-file_2.9.1/0.4.0-seq/jars/scala-io-file_2.9.1.jar
3610a000-3610c000 r--s 00002000 08:05 5116461    /home/giftology-user1/playframework/play-2.1.3/repository/local/net.databinder/dispatch-futures_2.9.1/0.8.6/jars/dispatch-futures_2.9.1.jar
3610c000-3610e000 r--s 0000d000 08:05 5116249    /home/giftology-user1/playframework/play-2.1.3/repository/local/commons-codec/commons-codec/1.4/jars/commons-codec.jar
3610e000-36110000 r--s 0000d000 08:05 5116322    /home/giftology-user1/playframework/play-2.1.3/repository/local/commons-logging/commons-logging/1.1.1/jars/commons-logging.jar
36110000-36115000 r--s 00028000 08:05 5116767    /home/giftology-user1/playframework/play-2.1.3/repository/local/org.apache.httpcomponents/httpcore/4.1.2/jars/httpcore.jar
36115000-3611d000 r--s 0004e000 08:05 5116721    /home/giftology-user1/playframework/play-2.1.3/repository/local/org.apache.httpcomponents/httpclient/4.1.2/jars/httpclient.jar
3611d000-36168000 rw-p 00000000 00:00 0 
36168000-36325000 r--s 039bf000 08:05 404755     /usr/lib/jvm/java-7-oracle/jre/lib/rt.jar
36325000-3a700000 rw-p 00000000 00:00 0 
3a700000-3a7ff000 rw-p 00000000 00:00 0 
3a7ff000-3a800000 ---p 00000000 00:00 0 
3a800000-3a801000 r--s 00001000 08:05 5116144    /home/giftology-user1/playframework/play-2.1.3/repository/local/com.typesafe.netty/netty-http-pipelining/1.1.1/jars/netty-http-pipelining.jar
3a801000-3a805000 r--s 00031000 08:05 5115990    /home/giftology-user1/playframework/play-2.1.3/repository/local/com.jcraft/jsch/0.1.44-1/jars/jsch.jar
3a805000-3a809000 r--s 0001a000 08:05 5116451    /home/giftology-user1/playframework/play-2.1.3/repository/local/net.databinder/dispatch-core_2.9.1/0.8.6/jars/dispatch-core_2.9.1.jar
3a809000-3a80a000 r--s 00007000 08:05 5116471    /home/giftology-user1/playframework/play-2.1.3/repository/local/net.databinder/dispatch-http_2.9.1/0.8.6/jars/dispatch-http_2.9.1.jar
3a80a000-3a80c000 r--s 0000e000 08:05 5116429    /home/giftology-user1/playframework/play-2.1.3/repository/local/me.lessis/ls_2.9.1/0.1.2-RC2/jars/ls_2.9.1.jar
3a80c000-3a811000 r--s 00068000 08:05 4339803    /home/giftology-user1/playframework/play-2.1.3/repository/local/antlr/antlr/2.7.7/jars/antlr.jar
3a811000-3a814000 r--s 00022000 08:05 5116627    /home/giftology-user1/playframework/play-2.1.3/repository/local/org.antlr/stringtemplate/3.2.1/jars/stringtemplate.jar
3a814000-3a816000 r--s 00005000 08:05 5117778    /home/giftology-user1/playframework/play-2.1.3/repository/local/org.slf4j/slf4j-api/1.6.2/jars/slf4j-api.jar
3a816000-3a817000 r--s 00001000 08:05 5116914    /home/giftology-user1/playframework/play-2.1.3/repository/local/org.clapper/grizzled-slf4j_2.9.1/0.6.5/jars/grizzled-slf4j_2.9.1.jar
3a817000-3a819000 r--s 00008000 08:05 5001384    /home/giftology-user1/playframework/play-2.1.3/repository/local/asm/asm-commons/3.3/jars/asm-commons.jar
3a819000-3a81c000 r--s 00016000 08:05 5116894    /home/giftology-user1/playframework/play-2.1.3/repository/local/org.clapper/classutil_2.9.1/0.4.2/jars/classutil_2.9.1.jar
3a81c000-3a81f000 r--s 0001b000 08:05 5116408    /home/giftology-user1/playframework/play-2.1.3/repository/local/junit/junit/3.8.1/jars/junit.jar
3a81f000-3a828000 r--s 00065000 08:05 5116904    /home/giftology-user1/playframework/play-2.1.3/repository/local/org.clapper/grizzled-scala_2.9.1/1.0.8/jars/grizzled-scala_2.9.1.jar
3a828000-3a82a000 r--s 00013000 08:05 5116482    /home/giftology-user1/playframework/play-2.1.3/repository/local/net.databinder.giter8/giter8-lib_2.9.1/0.5.0/jars/giter8-lib_2.9.1.jar
3a82a000-3a82c000 r--s 00005000 08:05 5116492    /home/giftology-user1/playframework/play-2.1.3/repository/local/net.databinder.giter8/giter8_2.9.1/0.5.0/jars/giter8_2.9.1.jar
3a82c000-3a82e000 r--s 0000a000 08:05 5117988    /home/giftology-user1/playframework/play-2.1.3/repository/local/play/console_2.9.2/2.1.3/jars/console_2.9.2.jar
3a82e000-3a838000 r--s 00047000 08:05 5118317    /home/giftology-user1/playframework/play-2.1.3/repository/local/play/templates-compiler_2.9.2/2.1.3/jars/templates-compiler_2.9.2.jar
3a838000-3a855000 r--s 001a5000 08:05 5116113    /home/giftology-user1/playframework/play-2.1.3/repository/local/com.typesafe.akka/akka-actor/2.0.1/jars/akka-actor.jar
3a855000-3a86c000 r--s 00146000 08:05 5115862    /home/giftology-user1/playframework/play-2.1.3/repository/local/com.github.scala-incubator.io/scala-io-core_2.9.2/0.4.1/jars/scala-io-core_2.9.2.jar
3a86c000-3a873000 r--s 00059000 08:05 5115892    /home/giftology-user1/playframework/play-2.1.3/repository/local/com.github.scala-incubator.io/scala-io-file_2.9.2/0.4.1/jars/scala-io-file_2.9.2.jar
3a873000-3a87f000 r--s 0005d000 08:05 5118263    /home/giftology-user1/playframework/play-2.1.3/repository/local/play/routes-compiler_2.9.2/2.1.3/jars/routes-compiler_2.9.2.jar
3a87f000-3a880000 ---p 00000000 00:00 0 
3a880000-3a900000 rw-p 00000000 00:00 0          [stack:8707]
3a900000-3a9fd000 rw-p 00000000 00:00 0 
3a9fd000-3aa00000 ---p 00000000 00:00 0 
3aa00000-3ab00000 rw-p 00000000 00:00 0 
3ab00000-3ab02000 r--s 0000d000 08:05 5117166    /home/giftology-user1/playframework/play-2.1.3/repository/local/org.pegdown/pegdown/1.1.0/jars/pegdown.jar
3ab02000-3ab04000 r--s 00014000 08:05 5116377    /home/giftology-user1/playframework/play-2.1.3/repository/local/jline/jline/0.9.94/jars/jline.jar
3ab04000-3ab06000 r--s 0000f000 08:05 5115818    /home/giftology-user1/playframework/play-2.1.3/repository/local/com.github.jsuereth.scala-arm/scala-arm_2.9.1/1.1/jars/scala-arm_2.9.1.jar
3ab06000-3ab08000 r--s 00000000 08:05 5118030    /home/giftology-user1/playframework/play-2.1.3/repository/local/play/play-exceptions/2.1.3/jars/play-exceptions.jar
3ab08000-3ab11000 r--s 00098000 08:05 5117083    /home/giftology-user1/playframework/play-2.1.3/repository/local/org.javassist/javassist/3.16.1-GA/jars/javassist.jar
3ab11000-3ab13000 r--s 00001000 08:05 5118277    /home/giftology-user1/playframework/play-2.1.3/repository/local/play/sbt-link/2.1.3/jars/sbt-link.jar
3ab13000-3ab22000 r--s 000c7000 08:05 5118862    /home/giftology-user1/playframework/play-2.1.3/repository/cache/scala_2.9.2/sbt_0.12/play/sbt-plugin/jars/sbt-plugin-2.1.3.jar
3ab22000-3ab26000 r--s 0008a000 08:05 397970     /usr/lib/jvm/java-7-oracle/jre/lib/jsse.jar
3ab26000-3ab29000 r--s 00008000 08:05 5118738    /home/giftology-user1/playframework/play-2.1.3/framework/sbt/boot/scala-2.9.2/org.scala-sbt/sbt/0.12.2/xsbti/interface-0.12.2.jar
3ab29000-3ab2b000 r--s 00006000 08:05 5118731    /home/giftology-user1/playframework/play-2.1.3/framework/sbt/boot/scala-2.9.2/org.scala-sbt/sbt/0.12.2/commons-codec-1.2.jar
3ab2b000-3ab2e000 r--s 00011000 08:05 5118739    /home/giftology-user1/playframework/play-2.1.3/framework/sbt/boot/scala-2.9.2/org.scala-sbt/sbt/0.12.2/classfile-0.12.2.jar
3ab2e000-3ab30000 r--s 00002000 08:05 5118732    /home/giftology-user1/playframework/play-2.1.3/framework/sbt/boot/scala-2.9.2/org.scala-sbt/sbt/0.12.2/control-0.12.2.jar
3ab30000-3ab32000 r--s 00008000 08:05 5118736    /home/giftology-user1/playframework/play-2.1.3/framework/sbt/boot/scala-2.9.2/org.scala-sbt/sbt/0.12.2/commons-logging-1.0.4.jar
3ab32000-3ab35000 r--s 00022000 08:05 5118759    /home/giftology-user1/playframework/play-2.1.3/framework/sbt/boot/scala-2.9.2/org.scala-sbt/sbt/0.12.2/sbinary_2.9.0-0.4.0.jar
3ab35000-3ab38000 ---p 00000000 00:00 0 
3ab38000-3ab4e000 rw-p 00000000 00:00 0 
3ab4e000-3ab52000 r--s 0002e000 08:05 5118746    /home/giftology-user1/playframework/play-2.1.3/framework/sbt/boot/scala-2.9.2/org.scala-sbt/sbt/0.12.2/command-0.12.2.jar
3ab52000-3ab54000 r--s 00013000 08:05 5118730    /home/giftology-user1/playframework/play-2.1.3/framework/sbt/boot/scala-2.9.2/org.scala-sbt/sbt/0.12.2/testing-0.12.2.jar
3ab54000-3ab59000 r--s 00041000 08:05 5118725    /home/giftology-user1/playframework/play-2.1.3/framework/sbt/boot/scala-2.9.2/org.scala-sbt/sbt/0.12.2/actions-0.12.2.jar
3ab59000-3ab6e000 r--s 00114000 08:05 5118720    /home/giftology-user1/playframework/play-2.1.3/framework/sbt/boot/scala-2.9.2/org.scala-sbt/sbt/0.12.2/ivy-2.3.0-rc1.jar
3ab6e000-3ab71000 r--s 00019000 08:05 5118722    /home/giftology-user1/playframework/play-2.1.3/framework/sbt/boot/scala-2.9.2/org.scala-sbt/sbt/0.12.2/cache-0.12.2.jar
3ab71000-3ab74000 r--s 00017000 08:05 5118750    /home/giftology-user1/playframework/play-2.1.3/framework/sbt/boot/scala-2.9.2/org.scala-sbt/sbt/0.12.2/logging-0.12.2.jar
3ab74000-3ab76000 r--s 00009000 08:05 5118734    /home/giftology-user1/playframework/play-2.1.3/framework/sbt/boot/scala-2.9.2/org.scala-sbt/sbt/0.12.2/tracking-0.12.2.jar
3ab76000-3ab79000 r--s 0001b000 08:05 5118740    /home/giftology-user1/playframework/play-2.1.3/framework/sbt/boot/scala-2.9.2/org.scala-sbt/sbt/0.12.2/tasks-0.12.2.jar
3ab79000-3ab7f000 r--s 0003b000 08:05 5118757    /home/giftology-user1/playframework/play-2.1.3/framework/sbt/boot/scala-2.9.2/org.scala-sbt/sbt/0.12.2/io-0.12.2.jar
3ab7f000-3ab80000 ---p 00000000 00:00 0 
3ab80000-3ac00000 rw-p 00000000 00:00 0          [stack:8706]
3ac00000-3ad00000 rw-p 00000000 00:00 0 
3ad00000-3ad02000 r--s 0000a000 08:05 5118758    /home/giftology-user1/playframework/play-2.1.3/framework/sbt/boot/scala-2.9.2/org.scala-sbt/sbt/0.12.2/compiler-integration-0.12.2.jar
3ad02000-3ad04000 r--s 00001000 08:05 5118723    /home/giftology-user1/playframework/play-2.1.3/framework/sbt/boot/scala-2.9.2/org.scala-sbt/sbt/0.12.2/launcher-interface-0.12.2.jar
3ad04000-3ad06000 r--s 00013000 08:05 5118741    /home/giftology-user1/playframework/play-2.1.3/framework/sbt/boot/scala-2.9.2/org.scala-sbt/sbt/0.12.2/classpath-0.12.2.jar
3ad06000-3ad0a000 r--s 00034000 08:05 5118726    /home/giftology-user1/playframework/play-2.1.3/framework/sbt/boot/scala-2.9.2/org.scala-sbt/sbt/0.12.2/jsch-0.1.46.jar
3ad0a000-3ad15000 r--s 00090000 08:05 5118751    /home/giftology-user1/playframework/play-2.1.3/framework/sbt/boot/scala-2.9.2/org.scala-sbt/sbt/0.12.2/ivy-0.12.2.jar
3ad15000-3ad19000 r--s 0001c000 08:05 5118756    /home/giftology-user1/playframework/play-2.1.3/framework/sbt/boot/scala-2.9.2/org.scala-sbt/sbt/0.12.2/persist-0.12.2.jar
3ad19000-3ad20000 r--s 0004f000 08:05 5118733    /home/giftology-user1/playframework/play-2.1.3/framework/sbt/boot/scala-2.9.2/org.scala-sbt/sbt/0.12.2/completion-0.12.2.jar
3ad20000-3ad23000 r--s 00014000 08:05 5118748    /home/giftology-user1/playframework/play-2.1.3/framework/sbt/boot/scala-2.9.2/org.scala-sbt/sbt/0.12.2/run-0.12.2.jar
3ad23000-3ad2b000 r--s 0004d000 08:05 5118752    /home/giftology-user1/playframework/play-2.1.3/framework/sbt/boot/scala-2.9.2/org.scala-sbt/sbt/0.12.2/api-0.12.2.jar
3ad2b000-3ad2e000 r--s 0001a000 08:05 5118747    /home/giftology-user1/playframework/play-2.1.3/framework/sbt/boot/scala-2.9.2/org.scala-sbt/sbt/0.12.2/process-0.12.2.jar
3ad2e000-3ad30000 r--s 00000000 08:05 5118727    /home/giftology-user1/playframework/play-2.1.3/framework/sbt/boot/scala-2.9.2/org.scala-sbt/sbt/0.12.2/test-interface-0.5.jar
3ad30000-3ad36000 r--s 00045000 08:05 5118724    /home/giftology-user1/playframework/play-2.1.3/framework/sbt/boot/scala-2.9.2/org.scala-sbt/sbt/0.12.2/commons-httpclient-3.1.jar
3ad36000-3ad3c000 r--s 00044000 08:05 5118721    /home/giftology-user1/playframework/play-2.1.3/framework/sbt/boot/scala-2.9.2/org.scala-sbt/sbt/0.12.2/collections-0.12.2.jar
3ad3c000-3ad3d000 r--s 00002000 08:05 5118753    /home/giftology-user1/playframework/play-2.1.3/framework/sbt/boot/scala-2.9.2/org.scala-sbt/sbt/0.12.2/test-agent-0.12.2.jar
3ad3d000-3ad41000 r--s 00029000 08:05 5118755    /home/giftology-user1/playframework/play-2.1.3/framework/sbt/boot/scala-2.9.2/org.scala-sbt/sbt/0.12.2/incremental-compiler-0.12.2.jar
3ad41000-3ad44000 r--s 0001c000 08:05 5118742    /home/giftology-user1/playframework/play-2.1.3/framework/sbt/boot/scala-2.9.2/org.scala-sbt/sbt/0.12.2/task-system-0.12.2.jar
3ad44000-3ad46000 r--s 00015000 08:05 5118754    /home/giftology-user1/playframework/play-2.1.3/framework/sbt/boot/scala-2.9.2/org.scala-sbt/sbt/0.12.2/jline-1.0.jar
3ad46000-3ad69000 r--s 001cc000 08:05 5118719    /home/giftology-user1/playframework/play-2.1.3/framework/sbt/boot/scala-2.9.2/org.scala-sbt/sbt/0.12.2/main-0.12.2.jar
3ad69000-3ad6b000 r--s 00001000 08:05 5118743    /home/giftology-user1/playframework/play-2.1.3/framework/sbt/boot/scala-2.9.2/org.scala-sbt/sbt/0.12.2/compiler-ivy-integration-0.12.2.jar
3ad6b000-3ad6e000 r--s 0001e000 08:05 5118735    /home/giftology-user1/playframework/play-2.1.3/framework/sbt/boot/scala-2.9.2/org.scala-sbt/sbt/0.12.2/compile-0.12.2.jar
3ad6e000-3ad7c000 r-xp 00000000 08:05 398616     /usr/lib/jvm/java-7-oracle/jre/lib/i386/libnio.so
3ad7c000-3ad7d000 rw-p 0000e000 08:05 398616     /usr/lib/jvm/java-7-oracle/jre/lib/i386/libnio.so
3ad7d000-3ad7e000 ---p 00000000 00:00 0 
3ad7e000-3adfe000 rw-p 00000000 00:00 0          [stack:8705]
3adfe000-3adff000 ---p 00000000 00:00 0 
3adff000-3aea2000 rw-p 00000000 00:00 0          [stack:8704]
3aea2000-3af3f000 rw-p 00000000 00:00 0 
3af3f000-3afea000 rw-p 00000000 00:00 0 
3afea000-3b13f000 rw-p 00000000 00:00 0 
3b13f000-3b162000 rw-p 00000000 00:00 0 
3b162000-3b1ff000 rw-p 00000000 00:00 0 
3b1ff000-3b2aa000 rw-p 00000000 00:00 0 
3b2aa000-3b3ff000 rw-p 00000000 00:00 0 
3b3ff000-3b499000 rw-p 00000000 00:00 0 
3b499000-3b49e000 ---p 00000000 00:00 0 
3b49e000-3b4ff000 rw-p 00000000 00:00 0 
3b4ff000-3fa00000 rw-p 00000000 00:00 0 
3fa00000-53500000 rw-p 00000000 00:00 0 
53500000-68a80000 rw-p 00000000 00:00 0 
68a80000-93500000 rw-p 00000000 00:00 0 
93500000-a68c0000 rw-p 00000000 00:00 0 
aa6c0000-b3500000 rw-p 00000000 00:00 0 
b3500000-b3503000 r--s 00018000 08:05 5118590    /home/giftology-user1/playframework/play-2.1.3/framework/sbt/boot/scala-2.9.2/lib/jansi.jar
b3503000-b3506000 r--s 00024000 08:05 5118593    /home/giftology-user1/playframework/play-2.1.3/framework/sbt/boot/scala-2.9.2/lib/jline.jar
b3506000-b351b000 rw-p 00000000 00:00 0 
b351b000-b35c6000 rw-p 00000000 00:00 0 
b35c6000-b3ae6000 rwxp 00000000 00:00 0 
b3ae6000-b65c6000 rw-p 00000000 00:00 0 
b65c6000-b65dc000 r-xp 00000000 08:05 270839     /lib/i386-linux-gnu/libnsl-2.15.so
b65dc000-b65dd000 r--p 00015000 08:05 270839     /lib/i386-linux-gnu/libnsl-2.15.so
b65dd000-b65de000 rw-p 00016000 08:05 270839     /lib/i386-linux-gnu/libnsl-2.15.so
b65de000-b65e0000 rw-p 00000000 00:00 0 
b65e0000-b65e7000 r-xp 00000000 08:05 279084     /lib/i386-linux-gnu/libnss_compat-2.15.so
b65e7000-b65e8000 r--p 00006000 08:05 279084     /lib/i386-linux-gnu/libnss_compat-2.15.so
b65e8000-b65e9000 rw-p 00007000 08:05 279084     /lib/i386-linux-gnu/libnss_compat-2.15.so
b65e9000-b65ea000 r--s 00000000 08:05 5116832    /home/giftology-user1/playframework/play-2.1.3/repository/local/org.avaje.ebeanorm/avaje-ebeanorm/3.1.2/jars/avaje-ebeanorm.jar
b65ea000-b65ff000 r-xp 00000000 08:05 399153     /usr/lib/jvm/java-7-oracle/jre/lib/i386/libnet.so
b65ff000-b6600000 rw-p 00014000 08:05 399153     /usr/lib/jvm/java-7-oracle/jre/lib/i386/libnet.so
b6600000-b66f6000 rw-p 00000000 00:00 0 
b66f6000-b6700000 ---p 00000000 00:00 0 
b6700000-b6701000 r--s 00004000 08:05 5116924    /home/giftology-user1/playframework/play-2.1.3/repository/local/org.clapper/scalasti_2.9.1/0.5.5/jars/scalasti_2.9.1.jar
b6701000-b6702000 r--s 00004000 08:05 5118749    /home/giftology-user1/playframework/play-2.1.3/framework/sbt/boot/scala-2.9.2/org.scala-sbt/sbt/0.12.2/sbt-0.12.2.jar
b6702000-b6705000 r--s 000cf000 08:05 4731331    /home/giftology-user1/playframework/play-2.1.3/framework/sbt/boot/other/net.java.dev.jna/jna/3.2.3/jna-3.2.3.jar
b6705000-b671b000 r--s 000f8000 08:05 4474278    /home/giftology-user1/playframework/play-2.1.3/framework/sbt/sbt-launch.jar
b671b000-b6748000 rw-p 00000000 00:00 0 
b6748000-b675f000 r-xp 00000000 08:05 398176     /usr/lib/jvm/java-7-oracle/jre/lib/i386/libzip.so
b675f000-b6760000 rw-p 00017000 08:05 398176     /usr/lib/jvm/java-7-oracle/jre/lib/i386/libzip.so
b6760000-b676b000 r-xp 00000000 08:05 279083     /lib/i386-linux-gnu/libnss_files-2.15.so
b676b000-b676c000 r--p 0000a000 08:05 279083     /lib/i386-linux-gnu/libnss_files-2.15.so
b676c000-b676d000 rw-p 0000b000 08:05 279083     /lib/i386-linux-gnu/libnss_files-2.15.so
b676d000-b6777000 r-xp 00000000 08:05 279082     /lib/i386-linux-gnu/libnss_nis-2.15.so
b6777000-b6778000 r--p 00009000 08:05 279082     /lib/i386-linux-gnu/libnss_nis-2.15.so
b6778000-b6779000 rw-p 0000a000 08:05 279082     /lib/i386-linux-gnu/libnss_nis-2.15.so
b6779000-b679c000 r-xp 00000000 08:05 399508     /usr/lib/jvm/java-7-oracle/jre/lib/i386/libjava.so
b679c000-b679d000 rw-p 00022000 08:05 399508     /usr/lib/jvm/java-7-oracle/jre/lib/i386/libjava.so
b679d000-b67a4000 r-xp 00000000 08:05 270847     /lib/i386-linux-gnu/librt-2.15.so
b67a4000-b67a5000 r--p 00006000 08:05 270847     /lib/i386-linux-gnu/librt-2.15.so
b67a5000-b67a6000 rw-p 00007000 08:05 270847     /lib/i386-linux-gnu/librt-2.15.so
b67a6000-b67a9000 ---p 00000000 00:00 0 
b67a9000-b68a7000 rw-p 00000000 00:00 0          [stack:8703]
b68a7000-b68d1000 r-xp 00000000 08:05 270851     /lib/i386-linux-gnu/libm-2.15.so
b68d1000-b68d2000 r--p 00029000 08:05 270851     /lib/i386-linux-gnu/libm-2.15.so
b68d2000-b68d3000 rw-p 0002a000 08:05 270851     /lib/i386-linux-gnu/libm-2.15.so
b68d3000-b714a000 r-xp 00000000 08:05 399032     /usr/lib/jvm/java-7-oracle/jre/lib/i386/server/libjvm.so
b714a000-b71ae000 rw-p 00877000 08:05 399032     /usr/lib/jvm/java-7-oracle/jre/lib/i386/server/libjvm.so
b71ae000-b75d2000 rw-p 00000000 00:00 0 
b75d2000-b7776000 r-xp 00000000 08:05 279086     /lib/i386-linux-gnu/libc-2.15.so
b7776000-b7778000 r--p 001a4000 08:05 279086     /lib/i386-linux-gnu/libc-2.15.so
b7778000-b7779000 rw-p 001a6000 08:05 279086     /lib/i386-linux-gnu/libc-2.15.so
b7779000-b777c000 rw-p 00000000 00:00 0 
b777c000-b777f000 r-xp 00000000 08:05 279085     /lib/i386-linux-gnu/libdl-2.15.so
b777f000-b7780000 r--p 00002000 08:05 279085     /lib/i386-linux-gnu/libdl-2.15.so
b7780000-b7781000 rw-p 00003000 08:05 279085     /lib/i386-linux-gnu/libdl-2.15.so
b7781000-b7782000 rw-p 00000000 00:00 0 
b7782000-b7795000 r-xp 00000000 08:05 399061     /usr/lib/jvm/java-7-oracle/jre/lib/i386/jli/libjli.so
b7795000-b7796000 rw-p 00012000 08:05 399061     /usr/lib/jvm/java-7-oracle/jre/lib/i386/jli/libjli.so
b7796000-b77ad000 r-xp 00000000 08:05 270845     /lib/i386-linux-gnu/libpthread-2.15.so
b77ad000-b77ae000 r--p 00016000 08:05 270845     /lib/i386-linux-gnu/libpthread-2.15.so
b77ae000-b77af000 rw-p 00017000 08:05 270845     /lib/i386-linux-gnu/libpthread-2.15.so
b77af000-b77b1000 rw-p 00000000 00:00 0 
b77b1000-b77b2000 r--p 005e0000 08:05 399619     /usr/lib/locale/locale-archive
b77b2000-b77ba000 rw-s 00000000 08:05 1716729    /tmp/hsperfdata_giftology-user1/8701
b77ba000-b77bb000 rw-p 00000000 00:00 0 
b77bb000-b77bc000 ---p 00000000 00:00 0 
b77bc000-b77c7000 r-xp 00000000 08:05 399658     /usr/lib/jvm/java-7-oracle/jre/lib/i386/libverify.so
b77c7000-b77c8000 rw-p 0000b000 08:05 399658     /usr/lib/jvm/java-7-oracle/jre/lib/i386/libverify.so
b77c8000-b77ca000 rw-p 00000000 00:00 0 
b77ca000-b77cb000 r-xp 00000000 00:00 0          [vdso]
b77cb000-b77eb000 r-xp 00000000 08:05 270846     /lib/i386-linux-gnu/ld-2.15.so
b77eb000-b77ec000 r--p 0001f000 08:05 270846     /lib/i386-linux-gnu/ld-2.15.so
b77ec000-b77ed000 rw-p 00020000 08:05 270846     /lib/i386-linux-gnu/ld-2.15.so
bf953000-bf974000 rw-p 00000000 00:00 0          [stack]

VM Arguments:
jvm_args: -Xms512M -Xmx1536M -Xss1M -XX:+CMSClassUnloadingEnabled -XX:MaxPermSize=384M -Dfile.encoding=UTF-8 -Dplay.version=2.1.3 -Dsbt.ivy.home=/home/giftology-user1/playframework/play-2.1.3/framework/../repository -Dplay.home=/home/giftology-user1/playframework/play-2.1.3/framework -Dsbt.boot.properties=/home/giftology-user1/playframework/play-2.1.3/framework/sbt/sbt.boot.properties 
java_command: /home/giftology-user1/playframework/play-2.1.3/framework/sbt/sbt-launch.jar run
Launcher Type: SUN_STANDARD

Environment Variables:
JAVA_HOME=/usr/lib/jvm/java-7-oracle
PATH=/home/giftology-user1/devlopment/scala/sbt/bin:/usr/lib/lightdm/lightdm:/usr/local/sbin:/usr/local/bin:/usr/sbin:/usr/bin:/sbin:/bin:/usr/games:/home/giftology-user1/playframework/play-2.1.3/
SHELL=/bin/bash
DISPLAY=:0

Signal Handlers:
SIGSEGV: [libjvm.so+0x7dd5e0], sa_mask[0]=0x7ffbfeff, sa_flags=0x10000004
SIGBUS: [libjvm.so+0x7dd5e0], sa_mask[0]=0x7ffbfeff, sa_flags=0x10000004
SIGFPE: [libjvm.so+0x678d60], sa_mask[0]=0x7ffbfeff, sa_flags=0x10000004
SIGPIPE: [libjvm.so+0x678d60], sa_mask[0]=0x7ffbfeff, sa_flags=0x10000004
SIGXFSZ: [libjvm.so+0x678d60], sa_mask[0]=0x7ffbfeff, sa_flags=0x10000004
SIGILL: [libjvm.so+0x678d60], sa_mask[0]=0x7ffbfeff, sa_flags=0x10000004
SIGUSR1: SIG_DFL, sa_mask[0]=0x00000000, sa_flags=0x00000000
SIGUSR2: [libjvm.so+0x67a250], sa_mask[0]=0x00000000, sa_flags=0x10000004
SIGHUP: [libjvm.so+0x67b3a0], sa_mask[0]=0x7ffbfeff, sa_flags=0x10000004
SIGINT: [libjvm.so+0x67b3a0], sa_mask[0]=0x7ffbfeff, sa_flags=0x10000004
SIGTERM: [libjvm.so+0x67b3a0], sa_mask[0]=0x7ffbfeff, sa_flags=0x10000004
SIGQUIT: [libjvm.so+0x67b3a0], sa_mask[0]=0x7ffbfeff, sa_flags=0x10000004


---------------  S Y S T E M  ---------------

OS:wheezy/sid

uname:Linux 3.5.0-45-generic #68~precise1-Ubuntu SMP Wed Dec 4 16:19:28 UTC 2013 i686
libc:glibc 2.15 NPTL 2.15 
rlimit: STACK 8192k, CORE 0k, NPROC 31383, NOFILE 4096, AS infinity
load average:1.22 0.74 0.58

/proc/meminfo:
MemTotal:        4033056 kB
MemFree:          161612 kB
Buffers:             860 kB
Cached:           285296 kB
SwapCached:            0 kB
Active:          3568404 kB
Inactive:         198708 kB
Active(anon):    3524880 kB
Inactive(anon):   187168 kB
Active(file):      43524 kB
Inactive(file):    11540 kB
Unevictable:          16 kB
Mlocked:              16 kB
HighTotal:       3185172 kB
HighFree:            744 kB
LowTotal:         847884 kB
LowFree:          160868 kB
SwapTotal:             0 kB
SwapFree:              0 kB
Dirty:                 0 kB
Writeback:             0 kB
AnonPages:       3481852 kB
Mapped:            69612 kB
Shmem:            230512 kB
Slab:              49732 kB
SReclaimable:      26948 kB
SUnreclaim:        22784 kB
KernelStack:        6224 kB
PageTables:        25312 kB
NFS_Unstable:          0 kB
Bounce:                0 kB
WritebackTmp:          0 kB
CommitLimit:     2016528 kB
Committed_AS:    8051472 kB
VmallocTotal:     122880 kB
VmallocUsed:       17040 kB
VmallocChunk:     105292 kB
HardwareCorrupted:     0 kB
AnonHugePages:         0 kB
HugePages_Total:       0
HugePages_Free:        0
HugePages_Rsvd:        0
HugePages_Surp:        0
Hugepagesize:       2048 kB
DirectMap4k:       10232 kB
DirectMap2M:      903168 kB


CPU:total 4 (2 cores per cpu, 2 threads per core) family 6 model 42 stepping 7, cmov, cx8, fxsr, mmx, sse, sse2, sse3, ssse3, sse4.1, sse4.2, popcnt, avx, ht, tsc, tscinvbit

/proc/cpuinfo:
processor	: 0
vendor_id	: GenuineIntel
cpu family	: 6
model		: 42
model name	: Intel(R) Core(TM) i3-2330M CPU @ 2.20GHz
stepping	: 7
microcode	: 0x23
cpu MHz		: 2200.000
cache size	: 3072 KB
physical id	: 0
siblings	: 4
core id		: 0
cpu cores	: 2
apicid		: 0
initial apicid	: 0
fdiv_bug	: no
hlt_bug		: no
f00f_bug	: no
coma_bug	: no
fpu		: yes
fpu_exception	: yes
cpuid level	: 13
wp		: yes
flags		: fpu vme de pse tsc msr pae mce cx8 apic sep mtrr pge mca cmov pat pse36 clflush dts acpi mmx fxsr sse sse2 ss ht tm pbe nx rdtscp lm constant_tsc arch_perfmon pebs bts xtopology nonstop_tsc aperfmperf pni pclmulqdq dtes64 monitor ds_cpl vmx est tm2 ssse3 cx16 xtpr pdcm pcid sse4_1 sse4_2 x2apic popcnt tsc_deadline_timer xsave avx lahf_lm arat epb xsaveopt pln pts dtherm tpr_shadow vnmi flexpriority ept vpid
bogomips	: 4389.88
clflush size	: 64
cache_alignment	: 64
address sizes	: 36 bits physical, 48 bits virtual
power management:

processor	: 1
vendor_id	: GenuineIntel
cpu family	: 6
model		: 42
model name	: Intel(R) Core(TM) i3-2330M CPU @ 2.20GHz
stepping	: 7
microcode	: 0x23
cpu MHz		: 2200.000
cache size	: 3072 KB
physical id	: 0
siblings	: 4
core id		: 1
cpu cores	: 2
apicid		: 2
initial apicid	: 2
fdiv_bug	: no
hlt_bug		: no
f00f_bug	: no
coma_bug	: no
fpu		: yes
fpu_exception	: yes
cpuid level	: 13
wp		: yes
flags		: fpu vme de pse tsc msr pae mce cx8 apic sep mtrr pge mca cmov pat pse36 clflush dts acpi mmx fxsr sse sse2 ss ht tm pbe nx rdtscp lm constant_tsc arch_perfmon pebs bts xtopology nonstop_tsc aperfmperf pni pclmulqdq dtes64 monitor ds_cpl vmx est tm2 ssse3 cx16 xtpr pdcm pcid sse4_1 sse4_2 x2apic popcnt tsc_deadline_timer xsave avx lahf_lm arat epb xsaveopt pln pts dtherm tpr_shadow vnmi flexpriority ept vpid
bogomips	: 4389.88
clflush size	: 64
cache_alignment	: 64
address sizes	: 36 bits physical, 48 bits virtual
power management:

processor	: 2
vendor_id	: GenuineIntel
cpu family	: 6
model		: 42
model name	: Intel(R) Core(TM) i3-2330M CPU @ 2.20GHz
stepping	: 7
microcode	: 0x23
cpu MHz		: 800.000
cache size	: 3072 KB
physical id	: 0
siblings	: 4
core id		: 0
cpu cores	: 2
apicid		: 1
initial apicid	: 1
fdiv_bug	: no
hlt_bug		: no
f00f_bug	: no
coma_bug	: no
fpu		: yes
fpu_exception	: yes
cpuid level	: 13
wp		: yes
flags		: fpu vme de pse tsc msr pae mce cx8 apic sep mtrr pge mca cmov pat pse36 clflush dts acpi mmx fxsr sse sse2 ss ht tm pbe nx rdtscp lm constant_tsc arch_perfmon pebs bts xtopology nonstop_tsc aperfmperf pni pclmulqdq dtes64 monitor ds_cpl vmx est tm2 ssse3 cx16 xtpr pdcm pcid sse4_1 sse4_2 x2apic popcnt tsc_deadline_timer xsave avx lahf_lm arat epb xsaveopt pln pts dtherm tpr_shadow vnmi flexpriority ept vpid
bogomips	: 4389.88
clflush size	: 64
cache_alignment	: 64
address sizes	: 36 bits physical, 48 bits virtual
power management:

processor	: 3
vendor_id	: GenuineIntel
cpu family	: 6
model		: 42
model name	: Intel(R) Core(TM) i3-2330M CPU @ 2.20GHz
stepping	: 7
microcode	: 0x23
cpu MHz		: 2200.000
cache size	: 3072 KB
physical id	: 0
siblings	: 4
core id		: 1
cpu cores	: 2
apicid		: 3
initial apicid	: 3
fdiv_bug	: no
hlt_bug		: no
f00f_bug	: no
coma_bug	: no
fpu		: yes
fpu_exception	: yes
cpuid level	: 13
wp		: yes
flags		: fpu vme de pse tsc msr pae mce cx8 apic sep mtrr pge mca cmov pat pse36 clflush dts acpi mmx fxsr sse sse2 ss ht tm pbe nx rdtscp lm constant_tsc arch_perfmon pebs bts xtopology nonstop_tsc aperfmperf pni pclmulqdq dtes64 monitor ds_cpl vmx est tm2 ssse3 cx16 xtpr pdcm pcid sse4_1 sse4_2 x2apic popcnt tsc_deadline_timer xsave avx lahf_lm arat epb xsaveopt pln pts dtherm tpr_shadow vnmi flexpriority ept vpid
bogomips	: 4389.88
clflush size	: 64
cache_alignment	: 64
address sizes	: 36 bits physical, 48 bits virtual
power management:



Memory: 4k page, physical 4033056k(161612k free), swap 0k(0k free)

vm_info: Java HotSpot(TM) Server VM (24.51-b03) for linux-x86 JRE (1.7.0_51-b13), built on Dec 18 2013 18:45:30 by "java_re" with gcc 4.3.0 20080428 (Red Hat 4.3.0-8)

time: Mon Feb 24 19:53:36 2014
elapsed time: 1368 seconds

